#
# There is insufficient memory for the Java Runtime Environment to continue.
# Native memory allocation (malloc) failed to allocate 32744 bytes for ChunkPool::allocate
# Possible reasons:
#   The system is out of physical RAM or swap space
#   The process is running with CompressedOops enabled, and the Java Heap may be blocking the growth of the native heap
# Possible solutions:
#   Reduce memory load on the system
#   Increase physical memory or swap space
#   Check if swap backing store is full
#   Decrease Java heap size (-Xmx/-Xms)
#   Decrease number of Java threads
# JRE version: OpenJDK Runtime Environment Temurin-17.0.1+12 (17.0.1+12) (build 17.0.1+12)
# Java VM: OpenJDK 64-Bit Server VM Temurin-17.0.1+12 (17.0.1+12, mixed mode, tiered, compressed oops, compressed class ptrs, parallel gc, windows-amd64)
# No core dump will be written. Minidumps are not enabled by default on client versions of Windows
#

---------------  S U M M A R Y ------------

Command Line: --add-modules=ALL-SYSTEM --add-opens=java.base/java.util=ALL-UNNAMED --add-opens=java.base/java.lang=ALL-UNNAMED -Declipse.application=org.eclipse.jdt.ls.core.id1 -Dosgi.bundles.defaultStartLevel=4 -Declipse.product=org.eclipse.jdt.ls.core.product -Djava.import.generatesMetadataFilesAtProjectRoot=false -Dfile.encoding=utf8 -DwatchParentProcess=false -XX:+UseParallelGC -XX:GCTimeRatio=4 -XX:AdaptiveSizePolicyWeight=90 -Dsun.zip.disableMemoryMapping=true -Xmx1G -Xms100m -XX:+HeapDumpOnOutOfMemoryError -XX:HeapDumpPath=c:\Users\jsury\AppData\Roaming\Code\User\workspaceStorage\2f828b04c28431271804efe1898088ad\redhat.java c:\Users\jsury\.vscode\extensions\redhat.java-1.2.0\server\plugins\org.eclipse.equinox.launcher_1.6.400.v20210924-0641.jar -configuration c:\Users\jsury\AppData\Roaming\Code\User\globalStorage\redhat.java\1.2.0\config_win -data c:\Users\jsury\AppData\Roaming\Code\User\workspaceStorage\2f828b04c28431271804efe1898088ad\redhat.java\jdt_ws

Host: Intel(R) Core(TM) i7-8550U CPU @ 1.80GHz, 8 cores, 11G,  Windows 10 , 64 bit Build 22000 (10.0.22000.318)
Time: Wed Dec 22 09:08:25 2021 SE Asia Standard Time elapsed time: 321.890789 seconds (0d 0h 5m 21s)

---------------  T H R E A D  ---------------

Current thread (0x000001d4a87404f0):  JavaThread "C1 CompilerThread0" daemon [_thread_in_native, id=2664, stack(0x0000000732400000,0x0000000732500000)]


Current CompileTask:
C1: 321890 8463   !   3      
[error occurred during error reporting (printing current compile task), id 0xe0000001, Out of Memory Error (e:\jenkins\tmp\workspace\build\src\src\hotspot\share\memory\arena.cpp:78)]

Stack: [0x0000000732400000,0x0000000732500000]
Native frames: (J=compiled Java code, j=interpreted, Vv=VM code, C=native code)
V  [jvm.dll+0x6744da]
V  [jvm.dll+0x82e144]
V  [jvm.dll+0x82f8ee]
V  [jvm.dll+0x82ff53]
V  [jvm.dll+0x245175]
V  [jvm.dll+0xabaa0]
V  [jvm.dll+0xabdec]
V  [jvm.dll+0x79bc9c]
V  [jvm.dll+0x79bd89]
V  [jvm.dll+0x6285f9]
V  [jvm.dll+0x22b7c6]
V  [jvm.dll+0x22bd47]
V  [jvm.dll+0x82dfda]
V  [jvm.dll+0x82f8ee]
V  [jvm.dll+0x82ff53]
V  [jvm.dll+0x245175]
V  [jvm.dll+0xabaa0]
V  [jvm.dll+0xabdec]
V  [jvm.dll+0x175593]
V  [jvm.dll+0x17565e]
V  [jvm.dll+0x177f79]
V  [jvm.dll+0x179fb1]
V  [jvm.dll+0x1342b3]
V  [jvm.dll+0x133baf]
V  [jvm.dll+0x133de6]
V  [jvm.dll+0x13327a]
V  [jvm.dll+0x134f41]
V  [jvm.dll+0x226e38]
V  [jvm.dll+0x224f7c]
V  [jvm.dll+0x7e3f5b]
V  [jvm.dll+0x7de51a]
V  [jvm.dll+0x673305]
C  [ucrtbase.dll+0x26c0c]
C  [KERNEL32.DLL+0x154e0]
C  [ntdll.dll+0x485b]


---------------  P R O C E S S  ---------------

Threads class SMR info:
_java_thread_list=0x000001d4aa933690, length=24, elements={
0x000001d4922c41e0, 0x000001d4a6141f50, 0x000001d4a6144b10, 0x000001d4a6148be0,
0x000001d4a61496a0, 0x000001d4a614a250, 0x000001d4a614cc10, 0x000001d4a614d9a0,
0x000001d4a87404f0, 0x000001d4a874aaf0, 0x000001d492380b80, 0x000001d4a8900d70,
0x000001d4a9187aa0, 0x000001d4a8fd46f0, 0x000001d4a8fedf90, 0x000001d4a9026d90,
0x000001d4aa3da3e0, 0x000001d4a8bed700, 0x000001d4a8be9e40, 0x000001d4a8be94a0,
0x000001d4a8be72f0, 0x000001d4a8be8160, 0x000001d4aedb5a10, 0x000001d4aedb76f0
}

Java Threads: ( => current thread )
  0x000001d4922c41e0 JavaThread "main" [_thread_blocked, id=16312, stack(0x0000000731a00000,0x0000000731b00000)]
  0x000001d4a6141f50 JavaThread "Reference Handler" daemon [_thread_blocked, id=15620, stack(0x0000000731d00000,0x0000000731e00000)]
  0x000001d4a6144b10 JavaThread "Finalizer" daemon [_thread_blocked, id=2928, stack(0x0000000731e00000,0x0000000731f00000)]
  0x000001d4a6148be0 JavaThread "Signal Dispatcher" daemon [_thread_blocked, id=2288, stack(0x0000000731f00000,0x0000000732000000)]
  0x000001d4a61496a0 JavaThread "Attach Listener" daemon [_thread_blocked, id=10188, stack(0x0000000732000000,0x0000000732100000)]
  0x000001d4a614a250 JavaThread "Service Thread" daemon [_thread_blocked, id=12216, stack(0x0000000732100000,0x0000000732200000)]
  0x000001d4a614cc10 JavaThread "Monitor Deflation Thread" daemon [_thread_blocked, id=3256, stack(0x0000000732200000,0x0000000732300000)]
  0x000001d4a614d9a0 JavaThread "C2 CompilerThread0" daemon [_thread_blocked, id=6608, stack(0x0000000732300000,0x0000000732400000)]
=>0x000001d4a87404f0 JavaThread "C1 CompilerThread0" daemon [_thread_in_native, id=2664, stack(0x0000000732400000,0x0000000732500000)]
  0x000001d4a874aaf0 JavaThread "Sweeper thread" daemon [_thread_blocked, id=2004, stack(0x0000000732500000,0x0000000732600000)]
  0x000001d492380b80 JavaThread "Common-Cleaner" daemon [_thread_blocked, id=7684, stack(0x0000000732600000,0x0000000732700000)]
  0x000001d4a8900d70 JavaThread "Notification Thread" daemon [_thread_blocked, id=3120, stack(0x0000000732700000,0x0000000732800000)]
  0x000001d4a9187aa0 JavaThread "Active Thread: Equinox Container: 3c3da776-da86-4b17-8a3b-98a507f9d012" [_thread_blocked, id=588, stack(0x0000000732900000,0x0000000732a00000)]
  0x000001d4a8fd46f0 JavaThread "Framework Event Dispatcher: Equinox Container: 3c3da776-da86-4b17-8a3b-98a507f9d012" daemon [_thread_blocked, id=14492, stack(0x0000000732a00000,0x0000000732b00000)]
  0x000001d4a8fedf90 JavaThread "Start Level: Equinox Container: 3c3da776-da86-4b17-8a3b-98a507f9d012" daemon [_thread_blocked, id=16868, stack(0x0000000733100000,0x0000000733200000)]
  0x000001d4a9026d90 JavaThread "SCR Component Actor" daemon [_thread_blocked, id=1336, stack(0x0000000733200000,0x0000000733300000)]
  0x000001d4aa3da3e0 JavaThread "Worker-JM" [_thread_blocked, id=960, stack(0x0000000733400000,0x0000000733500000)]
  0x000001d4a8bed700 JavaThread "Worker-0: Periodic workspace save." [_thread_in_vm, id=14704, stack(0x0000000733500000,0x0000000733600000)]
  0x000001d4a8be9e40 JavaThread "Worker-3" [_thread_blocked, id=6632, stack(0x0000000733900000,0x0000000733a00000)]
  0x000001d4a8be94a0 JavaThread "Java indexing" daemon [_thread_blocked, id=7044, stack(0x0000000733a00000,0x0000000733b00000)]
  0x000001d4a8be72f0 JavaThread "pool-2-thread-1" [_thread_in_native, id=13624, stack(0x0000000733b00000,0x0000000733c00000)]
  0x000001d4a8be8160 JavaThread "Bundle File Closer" daemon [_thread_blocked, id=14744, stack(0x0000000733e00000,0x0000000733f00000)]
  0x000001d4aedb5a10 JavaThread "ForkJoinPool.commonPool-worker-3" daemon [_thread_blocked, id=17048, stack(0x0000000734300000,0x0000000734400000)]
  0x000001d4aedb76f0 JavaThread "ForkJoinPool.commonPool-worker-5" daemon [_thread_blocked, id=2112, stack(0x0000000734200000,0x0000000734300000)]

Other Threads:
  0x000001d49239ece0 VMThread "VM Thread" [stack: 0x0000000731c00000,0x0000000731d00000] [id=920]
  0x000001d4a8861d10 WatcherThread [stack: 0x0000000732800000,0x0000000732900000] [id=15612]
  0x000001d4922d8ee0 GCTaskThread "GC Thread#0" [stack: 0x0000000731b00000,0x0000000731c00000] [id=17236]
  0x000001d4a8fd8bd0 GCTaskThread "GC Thread#1" [stack: 0x0000000732b00000,0x0000000732c00000] [id=10444]
  0x000001d4a8fd8e80 GCTaskThread "GC Thread#2" [stack: 0x0000000732c00000,0x0000000732d00000] [id=15964]
  0x000001d4a8fd9130 GCTaskThread "GC Thread#3" [stack: 0x0000000732d00000,0x0000000732e00000] [id=7728]
  0x000001d4a8feafe0 GCTaskThread "GC Thread#4" [stack: 0x0000000732e00000,0x0000000732f00000] [id=15024]
  0x000001d4a8feb290 GCTaskThread "GC Thread#5" [stack: 0x0000000732f00000,0x0000000733000000] [id=9892]
  0x000001d4a8feb540 GCTaskThread "GC Thread#6" [stack: 0x0000000733000000,0x0000000733100000] [id=9376]
  0x000001d4a8bedbd0 GCTaskThread "GC Thread#7" [stack: 0x0000000733700000,0x0000000733800000] [id=4748]

Threads with active compile tasks:
C1 CompilerThread0   322048 8463   !   3      
[error occurred during error reporting (printing all threads), id 0xe0000001, Out of Memory Error (e:\jenkins\tmp\workspace\build\src\src\hotspot\share\memory\arena.cpp:78)]

VM state: not at safepoint (normal execution)

VM Mutex/Monitor currently owned by a thread: None

Heap address: 0x00000000c0000000, size: 1024 MB, Compressed Oops mode: 32-bit

CDS archive(s) not mapped
Compressed class space mapped at: 0x0000000100000000-0x0000000140000000, reserved size: 1073741824
Narrow klass base: 0x0000000000000000, Narrow klass shift: 3, Narrow klass range: 0x140000000

GC Precious Log:
 CPUs: 8 total, 8 available
 Memory: 11920M
 Large Page Support: Disabled
 NUMA Support: Disabled
 Compressed Oops: Enabled (32-bit)
 Alignments: Space 512K, Generation 512K, Heap 2M
 Heap Min Capacity: 100M
 Heap Initial Capacity: 100M
 Heap Max Capacity: 1G
 Pre-touch: Disabled
 Parallel Workers: 8

Heap:
 PSYoungGen      total 7168K, used 7096K [0x00000000eab00000, 0x00000000ebf00000, 0x0000000100000000)
  eden space 5120K, 98% used [0x00000000eab00000,0x00000000eaff2eb8,0x00000000eb000000)
  from space 2048K, 99% used [0x00000000eb100000,0x00000000eb2fb3c8,0x00000000eb300000)
  to   space 7680K, 0% used [0x00000000eb780000,0x00000000eb780000,0x00000000ebf00000)
 ParOldGen       total 110592K, used 88815K [0x00000000c0000000, 0x00000000c6c00000, 0x00000000eab00000)
  object space 110592K, 80% used [0x00000000c0000000,0x00000000c56bbd20,0x00000000c6c00000)
 Metaspace       used 65512K, committed 66560K, reserved 1114112K
  class space    used 6882K, committed 7360K, reserved 1048576K

Card table byte_map: [0x000001d491c80000,0x000001d491e90000] _byte_map_base: 0x000001d491680000

Marking Bits: (ParMarkBitMap*) 0x00007ffed5b92a60
 Begin Bits: [0x000001d4a3f50000, 0x000001d4a4f50000)
 End Bits:   [0x000001d4a4f50000, 0x000001d4a5f50000)

Polling page: 0x000001d490450000

Metaspace:

Usage:
  Non-class:     57.26 MB used.
      Class:      6.72 MB used.
       Both:     63.98 MB used.

Virtual space:
  Non-class space:       64.00 MB reserved,      57.81 MB ( 90%) committed,  8 nodes.
      Class space:        1.00 GB reserved,       7.19 MB ( <1%) committed,  1 nodes.
             Both:        1.06 GB reserved,      65.00 MB (  6%) committed. 

Chunk freelists:
   Non-Class:  2.16 MB
       Class:  680.00 KB
        Both:  2.82 MB

MaxMetaspaceSize: unlimited
CompressedClassSpaceSize: 1.00 GB
Initial GC threshold: 21.00 MB
Current GC threshold: 105.31 MB
CDS: off
MetaspaceReclaimPolicy: balanced
 - commit_granule_bytes: 65536.
 - commit_granule_words: 8192.
 - virtual_space_node_default_size: 1048576.
 - enlarge_chunks_in_place: 1.
 - new_chunks_are_fully_committed: 0.
 - uncommit_free_chunks: 1.
 - use_allocation_guard: 0.
 - handle_deallocations: 1.


Internal statistics:

num_allocs_failed_limit: 8.
num_arena_births: 510.
num_arena_deaths: 0.
num_vsnodes_births: 9.
num_vsnodes_deaths: 0.
num_space_committed: 1040.
num_space_uncommitted: 0.
num_chunks_returned_to_freelist: 8.
num_chunks_taken_from_freelist: 2929.
num_chunk_merges: 8.
num_chunk_splits: 1930.
num_chunks_enlarged: 1259.
num_purges: 0.
num_inconsistent_stats: 0.

CodeHeap 'non-profiled nmethods': size=120000Kb used=4040Kb max_used=4040Kb free=115959Kb
 bounds [0x000001d49ca20000, 0x000001d49ce20000, 0x000001d4a3f50000]
CodeHeap 'profiled nmethods': size=120000Kb used=16825Kb max_used=16825Kb free=103174Kb
 bounds [0x000001d4954f0000, 0x000001d496560000, 0x000001d49ca20000]
CodeHeap 'non-nmethods': size=5760Kb used=1340Kb max_used=1422Kb free=4419Kb
 bounds [0x000001d494f50000, 0x000001d4951c0000, 0x000001d4954f0000]
 total_blobs=8167 nmethods=7486 adapters=595
 compilation: enabled
              stopped_count=0, restarted_count=0
 full_count=0

Compilation events (20 events):
Event: 26.875 Thread 0x000001d4a87404f0 nmethod 8455 0x000001d49cdffd10 code [0x000001d49cdffea0, 0x000001d49cdfff78]
Event: 26.876 Thread 0x000001d4a87404f0 8456       3       com.google.gson.stream.JsonWriter::push (47 bytes)
Event: 26.876 Thread 0x000001d4a87404f0 nmethod 8456 0x000001d49655b910 code [0x000001d49655bac0, 0x000001d49655bca8]
Event: 26.878 Thread 0x000001d4a87404f0 8457   !   3       com.google.gson.internal.bind.ReflectiveTypeAdapterFactory$Adapter::write (98 bytes)
Event: 26.880 Thread 0x000001d4a87404f0 nmethod 8457 0x000001d49655be10 code [0x000001d49655c0e0, 0x000001d49655cfe8]
Event: 26.930 Thread 0x000001d4a8e025d0 nmethod 8414 0x000001d49ce00010 code [0x000001d49ce002a0, 0x000001d49ce01a10]
Event: 26.930 Thread 0x000001d4a8e025d0 8415       4       org.eclipse.jdt.internal.compiler.util.CharDelegateMap::get (25 bytes)
Event: 26.951 Thread 0x000001d4a8e025d0 nmethod 8415 0x000001d49ce02910 code [0x000001d49ce02ac0, 0x000001d49ce03198]
Event: 26.951 Thread 0x000001d4a8e025d0 8388   !   4       org.eclipse.jdt.internal.core.Openable::exists (114 bytes)
Event: 27.016 Thread 0x000001d4a8e025d0 nmethod 8388 0x000001d49ce03610 code [0x000001d49ce03860, 0x000001d49ce04860]
Event: 27.461 Thread 0x000001d4a614d9a0 nmethod 8383 0x000001d49ce05310 code [0x000001d49ce05860, 0x000001d49ce0dd00]
Event: 207.137 Thread 0x000001d4a87404f0 8458       3       java.util.concurrent.atomic.AtomicLong::weakCompareAndSetVolatile (13 bytes)
Event: 207.159 Thread 0x000001d4a87404f0 nmethod 8458 0x000001d49655d610 code [0x000001d49655d7c0, 0x000001d49655d928]
Event: 212.736 Thread 0x000001d4a87404f0 8459       1       java.util.concurrent.atomic.AtomicInteger::get (5 bytes)
Event: 212.739 Thread 0x000001d4a87404f0 nmethod 8459 0x000001d49ce12090 code [0x000001d49ce12220, 0x000001d49ce122f8]
Event: 307.431 Thread 0x000001d4a87404f0 8460       3       org.eclipse.core.internal.utils.StringPool::add (59 bytes)
Event: 307.446 Thread 0x000001d4a87404f0 nmethod 8460 0x000001d49655da10 code [0x000001d49655dc00, 0x000001d49655e1b8]
Event: 321.724 Thread 0x000001d4a87404f0 8461       3       org.eclipse.core.internal.preferences.StringPool::add (59 bytes)
Event: 321.725 Thread 0x000001d4a87404f0 nmethod 8461 0x000001d49655e390 code [0x000001d49655e580, 0x000001d49655eb38]
Event: 321.862 Thread 0x000001d4a87404f0 8463   !   3       com.sun.org.apache.xerces.internal.parsers.XML11Configuration::setFeature (143 bytes)

GC Heap History (20 events):
Event: 25.012 GC heap before
{Heap before GC invocations=61 (full 5):
 PSYoungGen      total 8704K, used 3566K [0x00000000eab00000, 0x00000000eba00000, 0x0000000100000000)
  eden space 5120K, 0% used [0x00000000eab00000,0x00000000eab00000,0x00000000eb000000)
  from space 3584K, 99% used [0x00000000eb000000,0x00000000eb37bb00,0x00000000eb380000)
  to   space 5120K, 0% used [0x00000000eb500000,0x00000000eb500000,0x00000000eba00000)
 ParOldGen       total 109056K, used 108892K [0x00000000c0000000, 0x00000000c6a80000, 0x00000000eab00000)
  object space 109056K, 99% used [0x00000000c0000000,0x00000000c6a570e8,0x00000000c6a80000)
 Metaspace       used 63756K, committed 64704K, reserved 1114112K
  class space    used 6731K, committed 7168K, reserved 1048576K
}
Event: 25.158 GC heap after
{Heap after GC invocations=61 (full 5):
 PSYoungGen      total 10240K, used 0K [0x00000000eab00000, 0x00000000eba00000, 0x0000000100000000)
  eden space 5120K, 0% used [0x00000000eab00000,0x00000000eab00000,0x00000000eb000000)
  from space 5120K, 0% used [0x00000000eb500000,0x00000000eb500000,0x00000000eba00000)
  to   space 5120K, 0% used [0x00000000eb000000,0x00000000eb000000,0x00000000eb500000)
 ParOldGen       total 110592K, used 81846K [0x00000000c0000000, 0x00000000c6c00000, 0x00000000eab00000)
  object space 110592K, 74% used [0x00000000c0000000,0x00000000c4fed988,0x00000000c6c00000)
 Metaspace       used 63756K, committed 64704K, reserved 1114112K
  class space    used 6731K, committed 7168K, reserved 1048576K
}
Event: 25.318 GC heap before
{Heap before GC invocations=62 (full 5):
 PSYoungGen      total 10240K, used 5120K [0x00000000eab00000, 0x00000000eba00000, 0x0000000100000000)
  eden space 5120K, 100% used [0x00000000eab00000,0x00000000eb000000,0x00000000eb000000)
  from space 5120K, 0% used [0x00000000eb500000,0x00000000eb500000,0x00000000eba00000)
  to   space 5120K, 0% used [0x00000000eb000000,0x00000000eb000000,0x00000000eb500000)
 ParOldGen       total 110592K, used 81846K [0x00000000c0000000, 0x00000000c6c00000, 0x00000000eab00000)
  object space 110592K, 74% used [0x00000000c0000000,0x00000000c4fed988,0x00000000c6c00000)
 Metaspace       used 63767K, committed 64768K, reserved 1114112K
  class space    used 6732K, committed 7168K, reserved 1048576K
}
Event: 25.320 GC heap after
{Heap after GC invocations=62 (full 5):
 PSYoungGen      total 5632K, used 480K [0x00000000eab00000, 0x00000000eb580000, 0x0000000100000000)
  eden space 5120K, 0% used [0x00000000eab00000,0x00000000eab00000,0x00000000eb000000)
  from space 512K, 93% used [0x00000000eb000000,0x00000000eb078000,0x00000000eb080000)
  to   space 2048K, 0% used [0x00000000eb380000,0x00000000eb380000,0x00000000eb580000)
 ParOldGen       total 110592K, used 81846K [0x00000000c0000000, 0x00000000c6c00000, 0x00000000eab00000)
  object space 110592K, 74% used [0x00000000c0000000,0x00000000c4fed988,0x00000000c6c00000)
 Metaspace       used 63767K, committed 64768K, reserved 1114112K
  class space    used 6732K, committed 7168K, reserved 1048576K
}
Event: 25.483 GC heap before
{Heap before GC invocations=63 (full 5):
 PSYoungGen      total 5632K, used 5600K [0x00000000eab00000, 0x00000000eb580000, 0x0000000100000000)
  eden space 5120K, 100% used [0x00000000eab00000,0x00000000eb000000,0x00000000eb000000)
  from space 512K, 93% used [0x00000000eb000000,0x00000000eb078000,0x00000000eb080000)
  to   space 2048K, 0% used [0x00000000eb380000,0x00000000eb380000,0x00000000eb580000)
 ParOldGen       total 110592K, used 81846K [0x00000000c0000000, 0x00000000c6c00000, 0x00000000eab00000)
  object space 110592K, 74% used [0x00000000c0000000,0x00000000c4fed988,0x00000000c6c00000)
 Metaspace       used 63817K, committed 64768K, reserved 1114112K
  class space    used 6733K, committed 7168K, reserved 1048576K
}
Event: 25.486 GC heap after
{Heap after GC invocations=63 (full 5):
 PSYoungGen      total 6144K, used 736K [0x00000000eab00000, 0x00000000eb480000, 0x0000000100000000)
  eden space 5120K, 0% used [0x00000000eab00000,0x00000000eab00000,0x00000000eb000000)
  from space 1024K, 71% used [0x00000000eb380000,0x00000000eb438000,0x00000000eb480000)
  to   space 1024K, 0% used [0x00000000eb280000,0x00000000eb280000,0x00000000eb380000)
 ParOldGen       total 110592K, used 81854K [0x00000000c0000000, 0x00000000c6c00000, 0x00000000eab00000)
  object space 110592K, 74% used [0x00000000c0000000,0x00000000c4fef988,0x00000000c6c00000)
 Metaspace       used 63817K, committed 64768K, reserved 1114112K
  class space    used 6733K, committed 7168K, reserved 1048576K
}
Event: 25.593 GC heap before
{Heap before GC invocations=64 (full 5):
 PSYoungGen      total 6144K, used 5856K [0x00000000eab00000, 0x00000000eb480000, 0x0000000100000000)
  eden space 5120K, 100% used [0x00000000eab00000,0x00000000eb000000,0x00000000eb000000)
  from space 1024K, 71% used [0x00000000eb380000,0x00000000eb438000,0x00000000eb480000)
  to   space 1024K, 0% used [0x00000000eb280000,0x00000000eb280000,0x00000000eb380000)
 ParOldGen       total 110592K, used 81854K [0x00000000c0000000, 0x00000000c6c00000, 0x00000000eab00000)
  object space 110592K, 74% used [0x00000000c0000000,0x00000000c4fef988,0x00000000c6c00000)
 Metaspace       used 63846K, committed 64832K, reserved 1114112K
  class space    used 6734K, committed 7168K, reserved 1048576K
}
Event: 25.595 GC heap after
{Heap after GC invocations=64 (full 5):
 PSYoungGen      total 6144K, used 1024K [0x00000000eab00000, 0x00000000eb400000, 0x0000000100000000)
  eden space 5120K, 0% used [0x00000000eab00000,0x00000000eab00000,0x00000000eb000000)
  from space 1024K, 100% used [0x00000000eb280000,0x00000000eb380000,0x00000000eb380000)
  to   space 512K, 0% used [0x00000000eb380000,0x00000000eb380000,0x00000000eb400000)
 ParOldGen       total 110592K, used 81950K [0x00000000c0000000, 0x00000000c6c00000, 0x00000000eab00000)
  object space 110592K, 74% used [0x00000000c0000000,0x00000000c5007988,0x00000000c6c00000)
 Metaspace       used 63846K, committed 64832K, reserved 1114112K
  class space    used 6734K, committed 7168K, reserved 1048576K
}
Event: 25.825 GC heap before
{Heap before GC invocations=65 (full 5):
 PSYoungGen      total 6144K, used 6144K [0x00000000eab00000, 0x00000000eb400000, 0x0000000100000000)
  eden space 5120K, 100% used [0x00000000eab00000,0x00000000eb000000,0x00000000eb000000)
  from space 1024K, 100% used [0x00000000eb280000,0x00000000eb380000,0x00000000eb380000)
  to   space 512K, 0% used [0x00000000eb380000,0x00000000eb380000,0x00000000eb400000)
 ParOldGen       total 110592K, used 81950K [0x00000000c0000000, 0x00000000c6c00000, 0x00000000eab00000)
  object space 110592K, 74% used [0x00000000c0000000,0x00000000c5007988,0x00000000c6c00000)
 Metaspace       used 64107K, committed 65088K, reserved 1114112K
  class space    used 6767K, committed 7232K, reserved 1048576K
}
Event: 25.827 GC heap after
{Heap after GC invocations=65 (full 5):
 PSYoungGen      total 5632K, used 497K [0x00000000eab00000, 0x00000000eb400000, 0x0000000100000000)
  eden space 5120K, 0% used [0x00000000eab00000,0x00000000eab00000,0x00000000eb000000)
  from space 512K, 97% used [0x00000000eb380000,0x00000000eb3fc768,0x00000000eb400000)
  to   space 1536K, 0% used [0x00000000eb100000,0x00000000eb100000,0x00000000eb280000)
 ParOldGen       total 110592K, used 82816K [0x00000000c0000000, 0x00000000c6c00000, 0x00000000eab00000)
  object space 110592K, 74% used [0x00000000c0000000,0x00000000c50e02b8,0x00000000c6c00000)
 Metaspace       used 64107K, committed 65088K, reserved 1114112K
  class space    used 6767K, committed 7232K, reserved 1048576K
}
Event: 26.127 GC heap before
{Heap before GC invocations=66 (full 5):
 PSYoungGen      total 5632K, used 5617K [0x00000000eab00000, 0x00000000eb400000, 0x0000000100000000)
  eden space 5120K, 100% used [0x00000000eab00000,0x00000000eb000000,0x00000000eb000000)
  from space 512K, 97% used [0x00000000eb380000,0x00000000eb3fc768,0x00000000eb400000)
  to   space 1536K, 0% used [0x00000000eb100000,0x00000000eb100000,0x00000000eb280000)
 ParOldGen       total 110592K, used 82816K [0x00000000c0000000, 0x00000000c6c00000, 0x00000000eab00000)
  object space 110592K, 74% used [0x00000000c0000000,0x00000000c50e02b8,0x00000000c6c00000)
 Metaspace       used 64563K, committed 65600K, reserved 1114112K
  class space    used 6798K, committed 7232K, reserved 1048576K
}
Event: 26.131 GC heap after
{Heap after GC invocations=66 (full 5):
 PSYoungGen      total 6656K, used 1510K [0x00000000eab00000, 0x00000000eb400000, 0x0000000100000000)
  eden space 5120K, 0% used [0x00000000eab00000,0x00000000eab00000,0x00000000eb000000)
  from space 1536K, 98% used [0x00000000eb100000,0x00000000eb2799d8,0x00000000eb280000)
  to   space 1536K, 0% used [0x00000000eb280000,0x00000000eb280000,0x00000000eb400000)
 ParOldGen       total 110592K, used 82832K [0x00000000c0000000, 0x00000000c6c00000, 0x00000000eab00000)
  object space 110592K, 74% used [0x00000000c0000000,0x00000000c50e42b8,0x00000000c6c00000)
 Metaspace       used 64563K, committed 65600K, reserved 1114112K
  class space    used 6798K, committed 7232K, reserved 1048576K
}
Event: 26.164 GC heap before
{Heap before GC invocations=67 (full 5):
 PSYoungGen      total 6656K, used 6630K [0x00000000eab00000, 0x00000000eb400000, 0x0000000100000000)
  eden space 5120K, 100% used [0x00000000eab00000,0x00000000eb000000,0x00000000eb000000)
  from space 1536K, 98% used [0x00000000eb100000,0x00000000eb2799d8,0x00000000eb280000)
  to   space 1536K, 0% used [0x00000000eb280000,0x00000000eb280000,0x00000000eb400000)
 ParOldGen       total 110592K, used 82832K [0x00000000c0000000, 0x00000000c6c00000, 0x00000000eab00000)
  object space 110592K, 74% used [0x00000000c0000000,0x00000000c50e42b8,0x00000000c6c00000)
 Metaspace       used 64565K, committed 65600K, reserved 1114112K
  class space    used 6798K, committed 7232K, reserved 1048576K
}
Event: 26.166 GC heap after
{Heap after GC invocations=67 (full 5):
 PSYoungGen      total 6656K, used 1530K [0x00000000eab00000, 0x00000000eb500000, 0x0000000100000000)
  eden space 5120K, 0% used [0x00000000eab00000,0x00000000eab00000,0x00000000eb000000)
  from space 1536K, 99% used [0x00000000eb280000,0x00000000eb3feac0,0x00000000eb400000)
  to   space 2560K, 0% used [0x00000000eb000000,0x00000000eb000000,0x00000000eb280000)
 ParOldGen       total 110592K, used 83635K [0x00000000c0000000, 0x00000000c6c00000, 0x00000000eab00000)
  object space 110592K, 75% used [0x00000000c0000000,0x00000000c51acf50,0x00000000c6c00000)
 Metaspace       used 64565K, committed 65600K, reserved 1114112K
  class space    used 6798K, committed 7232K, reserved 1048576K
}
Event: 26.248 GC heap before
{Heap before GC invocations=68 (full 5):
 PSYoungGen      total 6656K, used 6650K [0x00000000eab00000, 0x00000000eb500000, 0x0000000100000000)
  eden space 5120K, 100% used [0x00000000eab00000,0x00000000eb000000,0x00000000eb000000)
  from space 1536K, 99% used [0x00000000eb280000,0x00000000eb3feac0,0x00000000eb400000)
  to   space 2560K, 0% used [0x00000000eb000000,0x00000000eb000000,0x00000000eb280000)
 ParOldGen       total 110592K, used 83635K [0x00000000c0000000, 0x00000000c6c00000, 0x00000000eab00000)
  object space 110592K, 75% used [0x00000000c0000000,0x00000000c51acf50,0x00000000c6c00000)
 Metaspace       used 64600K, committed 65600K, reserved 1114112K
  class space    used 6799K, committed 7232K, reserved 1048576K
}
Event: 26.250 GC heap after
{Heap after GC invocations=68 (full 5):
 PSYoungGen      total 7680K, used 2545K [0x00000000eab00000, 0x00000000eb600000, 0x0000000100000000)
  eden space 5120K, 0% used [0x00000000eab00000,0x00000000eab00000,0x00000000eb000000)
  from space 2560K, 99% used [0x00000000eb000000,0x00000000eb27c510,0x00000000eb280000)
  to   space 3072K, 0% used [0x00000000eb300000,0x00000000eb300000,0x00000000eb600000)
 ParOldGen       total 110592K, used 83715K [0x00000000c0000000, 0x00000000c6c00000, 0x00000000eab00000)
  object space 110592K, 75% used [0x00000000c0000000,0x00000000c51c0f50,0x00000000c6c00000)
 Metaspace       used 64600K, committed 65600K, reserved 1114112K
  class space    used 6799K, committed 7232K, reserved 1048576K
}
Event: 26.670 GC heap before
{Heap before GC invocations=69 (full 5):
 PSYoungGen      total 7680K, used 7425K [0x00000000eab00000, 0x00000000eb600000, 0x0000000100000000)
  eden space 5120K, 95% used [0x00000000eab00000,0x00000000eafc3ff8,0x00000000eb000000)
  from space 2560K, 99% used [0x00000000eb000000,0x00000000eb27c510,0x00000000eb280000)
  to   space 3072K, 0% used [0x00000000eb300000,0x00000000eb300000,0x00000000eb600000)
 ParOldGen       total 110592K, used 83715K [0x00000000c0000000, 0x00000000c6c00000, 0x00000000eab00000)
  object space 110592K, 75% used [0x00000000c0000000,0x00000000c51c0f50,0x00000000c6c00000)
 Metaspace       used 65417K, committed 66496K, reserved 1114112K
  class space    used 6878K, committed 7360K, reserved 1048576K
}
Event: 26.672 GC heap after
{Heap after GC invocations=69 (full 5):
 PSYoungGen      total 7168K, used 1676K [0x00000000eab00000, 0x00000000eb500000, 0x0000000100000000)
  eden space 5120K, 0% used [0x00000000eab00000,0x00000000eab00000,0x00000000eb000000)
  from space 2048K, 81% used [0x00000000eb300000,0x00000000eb4a33c8,0x00000000eb500000)
  to   space 2048K, 0% used [0x00000000eb100000,0x00000000eb100000,0x00000000eb300000)
 ParOldGen       total 110592K, used 84272K [0x00000000c0000000, 0x00000000c6c00000, 0x00000000eab00000)
  object space 110592K, 76% used [0x00000000c0000000,0x00000000c524c030,0x00000000c6c00000)
 Metaspace       used 65417K, committed 66496K, reserved 1114112K
  class space    used 6878K, committed 7360K, reserved 1048576K
}
Event: 26.773 GC heap before
{Heap before GC invocations=70 (full 5):
 PSYoungGen      total 7168K, used 6796K [0x00000000eab00000, 0x00000000eb500000, 0x0000000100000000)
  eden space 5120K, 100% used [0x00000000eab00000,0x00000000eb000000,0x00000000eb000000)
  from space 2048K, 81% used [0x00000000eb300000,0x00000000eb4a33c8,0x00000000eb500000)
  to   space 2048K, 0% used [0x00000000eb100000,0x00000000eb100000,0x00000000eb300000)
 ParOldGen       total 110592K, used 84272K [0x00000000c0000000, 0x00000000c6c00000, 0x00000000eab00000)
  object space 110592K, 76% used [0x00000000c0000000,0x00000000c524c030,0x00000000c6c00000)
 Metaspace       used 65425K, committed 66496K, reserved 1114112K
  class space    used 6878K, committed 7360K, reserved 1048576K
}
Event: 26.777 GC heap after
{Heap after GC invocations=70 (full 5):
 PSYoungGen      total 7168K, used 2028K [0x00000000eab00000, 0x00000000ebf00000, 0x0000000100000000)
  eden space 5120K, 0% used [0x00000000eab00000,0x00000000eab00000,0x00000000eb000000)
  from space 2048K, 99% used [0x00000000eb100000,0x00000000eb2fb3c8,0x00000000eb300000)
  to   space 7680K, 0% used [0x00000000eb780000,0x00000000eb780000,0x00000000ebf00000)
 ParOldGen       total 110592K, used 88815K [0x00000000c0000000, 0x00000000c6c00000, 0x00000000eab00000)
  object space 110592K, 80% used [0x00000000c0000000,0x00000000c56bbd20,0x00000000c6c00000)
 Metaspace       used 65425K, committed 66496K, reserved 1114112K
  class space    used 6878K, committed 7360K, reserved 1048576K
}

Deoptimization events (20 events):
Event: 26.364 Thread 0x000001d4aedb63b0 DEOPT PACKING pc=0x000001d49cac0cf4 sp=0x00000007340fe390
Event: 26.364 Thread 0x000001d4aedb63b0 DEOPT UNPACKING pc=0x000001d494fa20a3 sp=0x00000007340fe2c8 mode 2
Event: 26.364 Thread 0x000001d4aedb63b0 Uncommon trap: trap_request=0xffffff45 fr.pc=0x000001d49cccd97c relative=0x00000000000001dc
Event: 26.364 Thread 0x000001d4aedb63b0 Uncommon trap: reason=unstable_if action=reinterpret pc=0x000001d49cccd97c method=org.eclipse.core.runtime.Path.computeLength()I @ 90 c2
Event: 26.364 Thread 0x000001d4aedb63b0 DEOPT PACKING pc=0x000001d49cccd97c sp=0x00000007340fe5b0
Event: 26.364 Thread 0x000001d4aedb63b0 DEOPT UNPACKING pc=0x000001d494fa20a3 sp=0x00000007340fe530 mode 2
Event: 26.371 Thread 0x000001d4aedb6880 Uncommon trap: trap_request=0xffffffde fr.pc=0x000001d49cb094e8 relative=0x0000000000000bc8
Event: 26.371 Thread 0x000001d4aedb6880 Uncommon trap: reason=class_check action=maybe_recompile pc=0x000001d49cb094e8 method=java.util.concurrent.ConcurrentHashMap.putVal(Ljava/lang/Object;Ljava/lang/Object;Z)Ljava/lang/Object; @ 242 c2
Event: 26.371 Thread 0x000001d4aedb6880 DEOPT PACKING pc=0x000001d49cb094e8 sp=0x00000007344fe570
Event: 26.371 Thread 0x000001d4aedb6880 DEOPT UNPACKING pc=0x000001d494fa20a3 sp=0x00000007344fe4e0 mode 2
Event: 26.847 Thread 0x000001d4aedb63b0 Uncommon trap: trap_request=0xffffff45 fr.pc=0x000001d49caf3f18 relative=0x0000000000000198
Event: 26.847 Thread 0x000001d4aedb63b0 Uncommon trap: reason=unstable_if action=reinterpret pc=0x000001d49caf3f18 method=java.util.Arrays.equals([C[C)Z @ 8 c2
Event: 26.847 Thread 0x000001d4aedb63b0 DEOPT PACKING pc=0x000001d49caf3f18 sp=0x00000007340fe160
Event: 26.847 Thread 0x000001d4aedb63b0 DEOPT UNPACKING pc=0x000001d494fa20a3 sp=0x00000007340fe118 mode 2
Event: 26.869 Thread 0x000001d4aedb63b0 DEOPT PACKING pc=0x000001d49646a810 sp=0x00000007340fdf60
Event: 26.869 Thread 0x000001d4aedb63b0 DEOPT UNPACKING pc=0x000001d494fa2843 sp=0x00000007340fd628 mode 0
Event: 26.875 Thread 0x000001d4aedb63b0 Uncommon trap: trap_request=0xffffffde fr.pc=0x000001d49cc7906c relative=0x000000000000006c
Event: 26.875 Thread 0x000001d4aedb63b0 Uncommon trap: reason=class_check action=maybe_recompile pc=0x000001d49cc7906c method=java.util.LinkedHashMap.afterNodeInsertion(Z)V @ 15 c2
Event: 26.875 Thread 0x000001d4aedb63b0 DEOPT PACKING pc=0x000001d49cc7906c sp=0x00000007340feca0
Event: 26.875 Thread 0x000001d4aedb63b0 DEOPT UNPACKING pc=0x000001d494fa20a3 sp=0x00000007340fec18 mode 2

Classes unloaded (0 events):
No events

Classes redefined (0 events):
No events

Internal exceptions (20 events):
Event: 24.697 Thread 0x000001d4aedb63b0 Exception <a 'java/lang/ArrayIndexOutOfBoundsException'{0x00000000eaeeb260}: Index 894 out of bounds for length 894> (0x00000000eaeeb260) 
thrown [e:\jenkins\tmp\workspace\build\src\src\hotspot\share\interpreter\interpreterRuntime.cpp, line 428]
Event: 24.767 Thread 0x000001d4a8be8fd0 Implicit null exception at 0x000001d49cc71e16 to 0x000001d49cc72534
Event: 24.840 Thread 0x000001d4aedb63b0 Exception <a 'java/lang/NoSuchMethodError'{0x00000000eae5a0b0}: 'int java.lang.invoke.DirectMethodHandle$Holder.invokeSpecialIFC(java.lang.Object, java.lang.Object, java.lang.Object, java.lang.Object)'> (0x00000000eae5a0b0) 
thrown [e:\jenkins\tmp\workspace\build\src\src\hotspot\share\interpreter\linkResolver.cpp, line 766]
Event: 24.888 Thread 0x000001d4a8be8fd0 Exception <a 'java/io/FileNotFoundException'{0x00000000eab23cc8}> (0x00000000eab23cc8) 
thrown [e:\jenkins\tmp\workspace\build\src\src\hotspot\share\prims\jni.cpp, line 516]
Event: 24.889 Thread 0x000001d4a8be8fd0 Exception <a 'java/io/FileNotFoundException'{0x00000000eab25160}> (0x00000000eab25160) 
thrown [e:\jenkins\tmp\workspace\build\src\src\hotspot\share\prims\jni.cpp, line 516]
Event: 26.072 Thread 0x000001d4a8be9e40 Exception <a 'java/lang/ArrayIndexOutOfBoundsException'{0x00000000eae2e8b0}: Index 894 out of bounds for length 894> (0x00000000eae2e8b0) 
thrown [e:\jenkins\tmp\workspace\build\src\src\hotspot\share\interpreter\interpreterRuntime.cpp, line 428]
Event: 26.211 Thread 0x000001d4a8be9e40 Exception <a 'java/lang/ArrayIndexOutOfBoundsException'{0x00000000eae79690}> (0x00000000eae79690) 
thrown [e:\jenkins\tmp\workspace\build\src\src\hotspot\share\runtime\sharedRuntime.cpp, line 628]
Event: 26.236 Thread 0x000001d4a8be9e40 Exception <a 'java/lang/ArrayIndexOutOfBoundsException'{0x00000000eaf71018}> (0x00000000eaf71018) 
thrown [e:\jenkins\tmp\workspace\build\src\src\hotspot\share\runtime\sharedRuntime.cpp, line 628]
Event: 26.372 Thread 0x000001d4a8be6950 Exception <a 'java/lang/ArrayIndexOutOfBoundsException'{0x00000000ead068a8}> (0x00000000ead068a8) 
thrown [e:\jenkins\tmp\workspace\build\src\src\hotspot\share\runtime\sharedRuntime.cpp, line 628]
Event: 26.380 Thread 0x000001d4a8be6950 Exception <a 'java/lang/NoSuchMethodError'{0x00000000ead1f4d8}: 'java.lang.Object java.lang.invoke.DirectMethodHandle$Holder.invokeStatic(java.lang.Object, java.lang.Object, int, java.lang.Object)'> (0x00000000ead1f4d8) 
thrown [e:\jenkins\tmp\workspace\build\src\src\hotspot\share\interpreter\linkResolver.cpp, line 766]
Event: 26.387 Thread 0x000001d4a8be6950 Exception <a 'java/lang/NoSuchMethodError'{0x00000000ead28158}: 'java.lang.Object java.lang.invoke.DirectMethodHandle$Holder.newInvokeSpecial(java.lang.Object, java.lang.Object, int)'> (0x00000000ead28158) 
thrown [e:\jenkins\tmp\workspace\build\src\src\hotspot\share\interpreter\linkResolver.cpp, line 766]
Event: 26.604 Thread 0x000001d4aedb8a30 Exception <a 'java/lang/ArrayIndexOutOfBoundsException'{0x00000000eae1bbb0}: Index 894 out of bounds for length 894> (0x00000000eae1bbb0) 
thrown [e:\jenkins\tmp\workspace\build\src\src\hotspot\share\interpreter\interpreterRuntime.cpp, line 428]
Event: 26.604 Thread 0x000001d4aedb8a30 Exception <a 'java/lang/ArrayIndexOutOfBoundsException'{0x00000000eae1bed0}: Index 895 out of bounds for length 894> (0x00000000eae1bed0) 
thrown [e:\jenkins\tmp\workspace\build\src\src\hotspot\share\interpreter\interpreterRuntime.cpp, line 428]
Event: 26.604 Thread 0x000001d4aedb8a30 Exception <a 'java/lang/ArrayIndexOutOfBoundsException'{0x00000000eae1c488}: Index 895 out of bounds for length 894> (0x00000000eae1c488) 
thrown [e:\jenkins\tmp\workspace\build\src\src\hotspot\share\interpreter\interpreterRuntime.cpp, line 428]
Event: 26.663 Thread 0x000001d4aedb6880 Exception <a 'java/lang/ClassNotFoundException'{0x00000000eaf6eef8}: sun/util/logging/resources/spi/loggingProvider> (0x00000000eaf6eef8) 
thrown [e:\jenkins\tmp\workspace\build\src\src\hotspot\share\classfile\systemDictionary.cpp, line 256]
Event: 26.799 Thread 0x000001d4aedb63b0 Exception <a 'java/lang/ArrayIndexOutOfBoundsException'{0x00000000eac9cb50}> (0x00000000eac9cb50) 
thrown [e:\jenkins\tmp\workspace\build\src\src\hotspot\share\runtime\sharedRuntime.cpp, line 628]
Event: 26.832 Thread 0x000001d4aedb63b0 Exception <a 'java/lang/ArrayIndexOutOfBoundsException'{0x00000000eae1c7a8}> (0x00000000eae1c7a8) 
thrown [e:\jenkins\tmp\workspace\build\src\src\hotspot\share\runtime\sharedRuntime.cpp, line 628]
Event: 26.847 Thread 0x000001d4aedb63b0 Implicit null exception at 0x000001d49caf3da0 to 0x000001d49caf3f08
Event: 26.856 Thread 0x000001d4aedb63b0 Exception <a 'java/lang/ArrayIndexOutOfBoundsException'{0x00000000eaf201a8}> (0x00000000eaf201a8) 
thrown [e:\jenkins\tmp\workspace\build\src\src\hotspot\share\runtime\sharedRuntime.cpp, line 628]
Event: 26.865 Thread 0x000001d4aedb63b0 Exception <a 'java/lang/ArrayIndexOutOfBoundsException'{0x00000000eaf47378}> (0x00000000eaf47378) 
thrown [e:\jenkins\tmp\workspace\build\src\src\hotspot\share\runtime\sharedRuntime.cpp, line 628]

VM Operations (20 events):
Event: 25.318 Executing VM operation: ParallelGCFailedAllocation
Event: 25.320 Executing VM operation: ParallelGCFailedAllocation done
Event: 25.483 Executing VM operation: ParallelGCFailedAllocation
Event: 25.486 Executing VM operation: ParallelGCFailedAllocation done
Event: 25.593 Executing VM operation: ParallelGCFailedAllocation
Event: 25.595 Executing VM operation: ParallelGCFailedAllocation done
Event: 25.824 Executing VM operation: ParallelGCFailedAllocation
Event: 25.827 Executing VM operation: ParallelGCFailedAllocation done
Event: 26.127 Executing VM operation: ParallelGCFailedAllocation
Event: 26.131 Executing VM operation: ParallelGCFailedAllocation done
Event: 26.164 Executing VM operation: ParallelGCFailedAllocation
Event: 26.167 Executing VM operation: ParallelGCFailedAllocation done
Event: 26.248 Executing VM operation: ParallelGCFailedAllocation
Event: 26.251 Executing VM operation: ParallelGCFailedAllocation done
Event: 26.669 Executing VM operation: ParallelGCFailedAllocation
Event: 26.673 Executing VM operation: ParallelGCFailedAllocation done
Event: 26.772 Executing VM operation: ParallelGCFailedAllocation
Event: 26.777 Executing VM operation: ParallelGCFailedAllocation done
Event: 27.791 Executing VM operation: Cleanup
Event: 27.791 Executing VM operation: Cleanup done

Events (20 events):
Event: 26.664 loading class sun/util/logging/resources/logging_en_ID
Event: 26.664 loading class sun/util/logging/resources/logging_en_ID done
Event: 26.664 loading class sun/util/logging/resources/logging_en_ID
Event: 26.664 loading class sun/util/logging/resources/logging_en_ID done
Event: 26.664 loading class java/util/Formatter$DateTime
Event: 26.664 loading class java/util/Formatter$DateTime done
Event: 26.665 loading class java/time/ZonedDateTime$1
Event: 26.665 loading class java/time/ZonedDateTime$1 done
Event: 26.665 loading class java/time/LocalDate$1
Event: 26.665 loading class java/time/LocalDate$1 done
Event: 26.666 loading class java/time/LocalTime$1
Event: 26.666 loading class java/time/LocalTime$1 done
Event: 32.027 Thread 0x000001d4a8e025d0 Thread exited: 0x000001d4a8e025d0
Event: 86.288 Thread 0x000001d4a8be6e20 Thread exited: 0x000001d4a8be6e20
Event: 86.305 Thread 0x000001d4a8be8fd0 Thread exited: 0x000001d4a8be8fd0
Event: 86.432 Thread 0x000001d4a8be6950 Thread exited: 0x000001d4a8be6950
Event: 86.888 Thread 0x000001d4aedb63b0 Thread exited: 0x000001d4aedb63b0
Event: 146.951 Thread 0x000001d4aedb6880 Thread exited: 0x000001d4aedb6880
Event: 206.962 Thread 0x000001d4aedb8a30 Thread exited: 0x000001d4aedb8a30
Event: 266.967 Thread 0x000001d4aedb5ee0 Thread exited: 0x000001d4aedb5ee0


Dynamic libraries:
0x00007ff7ec460000 - 0x00007ff7ec46e000 	c:\Users\jsury\.vscode\extensions\redhat.java-1.2.0\jre\17.0.1-win32-x86_64\bin\java.exe
0x00007fff32800000 - 0x00007fff32a07000 	C:\Windows\SYSTEM32\ntdll.dll
0x00007fff30a70000 - 0x00007fff30b2d000 	C:\Windows\System32\KERNEL32.DLL
0x00007fff2fef0000 - 0x00007fff30264000 	C:\Windows\System32\KERNELBASE.dll
0x00007fff30570000 - 0x00007fff30681000 	C:\Windows\System32\ucrtbase.dll
0x00007fff1d490000 - 0x00007fff1d4a8000 	c:\Users\jsury\.vscode\extensions\redhat.java-1.2.0\jre\17.0.1-win32-x86_64\bin\jli.dll
0x00007fff30cf0000 - 0x00007fff30e9c000 	C:\Windows\System32\USER32.dll
0x00007fff2fec0000 - 0x00007fff2fee6000 	C:\Windows\System32\win32u.dll
0x00007fff30950000 - 0x00007fff30979000 	C:\Windows\System32\GDI32.dll
0x00007fff30270000 - 0x00007fff30382000 	C:\Windows\System32\gdi32full.dll
0x00007fff30390000 - 0x00007fff3042d000 	C:\Windows\System32\msvcp_win.dll
0x00007fff1d2c0000 - 0x00007fff1d2d9000 	c:\Users\jsury\.vscode\extensions\redhat.java-1.2.0\jre\17.0.1-win32-x86_64\bin\VCRUNTIME140.dll
0x00007fff13170000 - 0x00007fff13415000 	C:\Windows\WinSxS\amd64_microsoft.windows.common-controls_6595b64144ccf1df_6.0.22000.120_none_9d947278b86cc467\COMCTL32.dll
0x00007fff31dd0000 - 0x00007fff31e73000 	C:\Windows\System32\msvcrt.dll
0x00007fff316b0000 - 0x00007fff316e1000 	C:\Windows\System32\IMM32.DLL
0x00007fff24690000 - 0x00007fff2469c000 	c:\Users\jsury\.vscode\extensions\redhat.java-1.2.0\jre\17.0.1-win32-x86_64\bin\vcruntime140_1.dll
0x00007ffed5c60000 - 0x00007ffed5cf1000 	c:\Users\jsury\.vscode\extensions\redhat.java-1.2.0\jre\17.0.1-win32-x86_64\bin\msvcp140.dll
0x00007ffed5010000 - 0x00007ffed5c56000 	c:\Users\jsury\.vscode\extensions\redhat.java-1.2.0\jre\17.0.1-win32-x86_64\bin\server\jvm.dll
0x00007fff32660000 - 0x00007fff3270c000 	C:\Windows\System32\ADVAPI32.dll
0x00007fff30780000 - 0x00007fff3081d000 	C:\Windows\System32\sechost.dll
0x00007fff30820000 - 0x00007fff30941000 	C:\Windows\System32\RPCRT4.dll
0x00007fff31dc0000 - 0x00007fff31dc8000 	C:\Windows\System32\PSAPI.DLL
0x00007fff23da0000 - 0x00007fff23da9000 	C:\Windows\SYSTEM32\WSOCK32.dll
0x00007fff31cd0000 - 0x00007fff31d3f000 	C:\Windows\System32\WS2_32.dll
0x00007fff1c310000 - 0x00007fff1c343000 	C:\Windows\SYSTEM32\WINMM.dll
0x00007fff1bd00000 - 0x00007fff1bd0a000 	C:\Windows\SYSTEM32\VERSION.dll
0x00007fff2edc0000 - 0x00007fff2edd8000 	C:\Windows\SYSTEM32\kernel.appcore.dll
0x00007fff23cb0000 - 0x00007fff23cba000 	c:\Users\jsury\.vscode\extensions\redhat.java-1.2.0\jre\17.0.1-win32-x86_64\bin\jimage.dll
0x00007fff2a7c0000 - 0x00007fff2a9e1000 	C:\Windows\SYSTEM32\DBGHELP.DLL
0x00007fff28bb0000 - 0x00007fff28be1000 	C:\Windows\SYSTEM32\dbgcore.DLL
0x00007fff30430000 - 0x00007fff304b0000 	C:\Windows\System32\bcryptPrimitives.dll
0x00007fff1b3f0000 - 0x00007fff1b415000 	c:\Users\jsury\.vscode\extensions\redhat.java-1.2.0\jre\17.0.1-win32-x86_64\bin\java.dll
0x00007fff1ad50000 - 0x00007fff1ad68000 	c:\Users\jsury\.vscode\extensions\redhat.java-1.2.0\jre\17.0.1-win32-x86_64\bin\zip.dll
0x00007fff30ea0000 - 0x00007fff3164a000 	C:\Windows\System32\SHELL32.dll
0x00007fff2de40000 - 0x00007fff2e6a2000 	C:\Windows\SYSTEM32\windows.storage.dll
0x00007fff31950000 - 0x00007fff31cc8000 	C:\Windows\System32\combase.dll
0x00007fff2dcd0000 - 0x00007fff2de36000 	C:\Windows\SYSTEM32\wintypes.dll
0x00007fff30980000 - 0x00007fff30a6a000 	C:\Windows\System32\SHCORE.dll
0x00007fff31d50000 - 0x00007fff31dad000 	C:\Windows\System32\shlwapi.dll
0x00007fff2fc10000 - 0x00007fff2fc31000 	C:\Windows\SYSTEM32\profapi.dll
0x00007fff11e20000 - 0x00007fff11e39000 	C:\Users\jsury\.vscode\extensions\redhat.java-1.2.0\jre\17.0.1-win32-x86_64\bin\net.dll
0x00007fff1cd00000 - 0x00007fff1ce0c000 	C:\Windows\SYSTEM32\WINHTTP.dll
0x00007fff2f1c0000 - 0x00007fff2f227000 	C:\Windows\system32\mswsock.dll
0x00007fff11e00000 - 0x00007fff11e15000 	C:\Users\jsury\.vscode\extensions\redhat.java-1.2.0\jre\17.0.1-win32-x86_64\bin\nio.dll
0x00007fff2f490000 - 0x00007fff2f4a8000 	C:\Windows\SYSTEM32\CRYPTSP.dll
0x00007fff2ed20000 - 0x00007fff2ed55000 	C:\Windows\system32\rsaenh.dll
0x00007fff2f260000 - 0x00007fff2f289000 	C:\Windows\SYSTEM32\USERENV.dll
0x00007fff2f640000 - 0x00007fff2f667000 	C:\Windows\SYSTEM32\bcrypt.dll
0x00007fff2f3b0000 - 0x00007fff2f3bc000 	C:\Windows\SYSTEM32\CRYPTBASE.dll
0x00007fff2e900000 - 0x00007fff2e92d000 	C:\Windows\SYSTEM32\IPHLPAPI.DLL
0x00007fff318b0000 - 0x00007fff318b9000 	C:\Windows\System32\NSI.dll
0x00007fff26e00000 - 0x00007fff26e19000 	C:\Windows\SYSTEM32\dhcpcsvc6.DLL
0x00007fff27120000 - 0x00007fff2713e000 	C:\Windows\SYSTEM32\dhcpcsvc.DLL
0x00007fff2e970000 - 0x00007fff2ea57000 	C:\Windows\SYSTEM32\DNSAPI.dll
0x00007fff04280000 - 0x00007fff042be000 	C:\Users\jsury\AppData\Roaming\Code\User\globalStorage\redhat.java\1.2.0\config_win\org.eclipse.equinox.launcher\org.eclipse.equinox.launcher.win32.win32.x86_64_1.2.400.v20211117-0650\eclipse_11602.dll
0x00007fff324c0000 - 0x00007fff3265a000 	C:\Windows\System32\ole32.dll
0x00007fff23230000 - 0x00007fff23240000 	c:\Users\jsury\.vscode\extensions\redhat.java-1.2.0\jre\17.0.1-win32-x86_64\bin\verify.dll
0x00007fff0a760000 - 0x00007fff0a771000 	C:\Users\jsury\AppData\Roaming\Code\User\globalStorage\redhat.java\1.2.0\config_win\org.eclipse.osgi\22\0\.cp\jWinHttp-1.0.0.dll
0x00007fff1aa70000 - 0x00007fff1aa7a000 	C:\Windows\System32\rasadhlp.dll
0x00007fff1bc50000 - 0x00007fff1bcd1000 	C:\Windows\System32\fwpuclnt.dll
0x00007fff1d850000 - 0x00007fff1d85e000 	C:\Users\jsury\.vscode\extensions\redhat.java-1.2.0\jre\17.0.1-win32-x86_64\bin\sunmscapi.dll
0x00007fff2fce0000 - 0x00007fff2fe42000 	C:\Windows\System32\CRYPT32.dll
0x00007fff2f5a0000 - 0x00007fff2f5c8000 	C:\Windows\SYSTEM32\ncrypt.dll
0x00007fff2f560000 - 0x00007fff2f597000 	C:\Windows\SYSTEM32\NTASN1.dll
0x00007fff1d480000 - 0x00007fff1d48a000 	C:\Users\jsury\.vscode\extensions\redhat.java-1.2.0\jre\17.0.1-win32-x86_64\bin\w2k_lsa_auth.dll
0x00007fff120e0000 - 0x00007fff120ec000 	C:\Windows\SYSTEM32\Secur32.dll
0x00007fff2efe0000 - 0x00007fff2f020000 	C:\Windows\SYSTEM32\SSPICLI.DLL
0x00007fff22d60000 - 0x00007fff22f4e000 	C:\Windows\system32\urlmon.dll
0x00007fff2e8f0000 - 0x00007fff2e8fc000 	C:\Windows\SYSTEM32\netutils.dll
0x00007fff22a70000 - 0x00007fff22d22000 	C:\Windows\SYSTEM32\iertutil.dll
0x00007fff22d30000 - 0x00007fff22d58000 	C:\Windows\SYSTEM32\srvcli.dll
0x00007fff29a10000 - 0x00007fff29a27000 	C:\Windows\system32\napinsp.dll
0x00007fff299c0000 - 0x00007fff299db000 	C:\Windows\system32\pnrpnsp.dll
0x00007fff28280000 - 0x00007fff28292000 	C:\Windows\System32\winrnr.dll
0x00007fff1bce0000 - 0x00007fff1bcf5000 	C:\Windows\system32\wshbth.dll
0x00007fff246c0000 - 0x00007fff246df000 	C:\Windows\system32\nlansp_c.dll
0x00007fff2f130000 - 0x00007fff2f1bf000 	C:\Windows\system32\msv1_0.DLL
0x00007fff2f500000 - 0x00007fff2f50e000 	C:\Windows\SYSTEM32\NtlmShared.dll

dbghelp: loaded successfully - version: 4.0.5 - missing functions: none
symbol engine: initialized successfully - sym options: 0x614 - pdb path: .;c:\Users\jsury\.vscode\extensions\redhat.java-1.2.0\jre\17.0.1-win32-x86_64\bin;C:\Windows\SYSTEM32;C:\Windows\WinSxS\amd64_microsoft.windows.common-controls_6595b64144ccf1df_6.0.22000.120_none_9d947278b86cc467;c:\Users\jsury\.vscode\extensions\redhat.java-1.2.0\jre\17.0.1-win32-x86_64\bin\server;C:\Users\jsury\AppData\Roaming\Code\User\globalStorage\redhat.java\1.2.0\config_win\org.eclipse.equinox.launcher\org.eclipse.equinox.launcher.win32.win32.x86_64_1.2.400.v20211117-0650;C:\Users\jsury\AppData\Roaming\Code\User\globalStorage\redhat.java\1.2.0\config_win\org.eclipse.osgi\22\0\.cp

VM Arguments:
jvm_args: --add-modules=ALL-SYSTEM --add-opens=java.base/java.util=ALL-UNNAMED --add-opens=java.base/java.lang=ALL-UNNAMED -Declipse.application=org.eclipse.jdt.ls.core.id1 -Dosgi.bundles.defaultStartLevel=4 -Declipse.product=org.eclipse.jdt.ls.core.product -Djava.import.generatesMetadataFilesAtProjectRoot=false -Dfile.encoding=utf8 -DwatchParentProcess=false -XX:+UseParallelGC -XX:GCTimeRatio=4 -XX:AdaptiveSizePolicyWeight=90 -Dsun.zip.disableMemoryMapping=true -Xmx1G -Xms100m -XX:+HeapDumpOnOutOfMemoryError -XX:HeapDumpPath=c:\Users\jsury\AppData\Roaming\Code\User\workspaceStorage\2f828b04c28431271804efe1898088ad\redhat.java 
java_command: c:\Users\jsury\.vscode\extensions\redhat.java-1.2.0\server\plugins\org.eclipse.equinox.launcher_1.6.400.v20210924-0641.jar -configuration c:\Users\jsury\AppData\Roaming\Code\User\globalStorage\redhat.java\1.2.0\config_win -data c:\Users\jsury\AppData\Roaming\Code\User\workspaceStorage\2f828b04c28431271804efe1898088ad\redhat.java\jdt_ws
java_class_path (initial): c:\Users\jsury\.vscode\extensions\redhat.java-1.2.0\server\plugins\org.eclipse.equinox.launcher_1.6.400.v20210924-0641.jar
Launcher Type: SUN_STANDARD

[Global flags]
    uintx AdaptiveSizePolicyWeight                 = 90                                        {product} {command line}
     intx CICompilerCount                          = 4                                         {product} {ergonomic}
    uintx GCTimeRatio                              = 4                                         {product} {command line}
     bool HeapDumpOnOutOfMemoryError               = true                                   {manageable} {command line}
    ccstr HeapDumpPath                             = c:\Users\jsury\AppData\Roaming\Code\User\workspaceStorage\2f828b04c28431271804efe1898088ad\redhat.java         {manageable} {command line}
   size_t InitialHeapSize                          = 104857600                                 {product} {command line}
   size_t MaxHeapSize                              = 1073741824                                {product} {command line}
   size_t MaxNewSize                               = 357564416                                 {product} {ergonomic}
   size_t MinHeapDeltaBytes                        = 524288                                    {product} {ergonomic}
   size_t MinHeapSize                              = 104857600                                 {product} {command line}
   size_t NewSize                                  = 34603008                                  {product} {ergonomic}
    uintx NonNMethodCodeHeapSize                   = 5839372                                {pd product} {ergonomic}
    uintx NonProfiledCodeHeapSize                  = 122909434                              {pd product} {ergonomic}
   size_t OldSize                                  = 70254592                                  {product} {ergonomic}
    uintx ProfiledCodeHeapSize                     = 122909434                              {pd product} {ergonomic}
    uintx ReservedCodeCacheSize                    = 251658240                              {pd product} {ergonomic}
     bool SegmentedCodeCache                       = true                                      {product} {ergonomic}
   size_t SoftMaxHeapSize                          = 1073741824                             {manageable} {ergonomic}
     bool UseCompressedClassPointers               = true                           {product lp64_product} {ergonomic}
     bool UseCompressedOops                        = true                           {product lp64_product} {ergonomic}
     bool UseLargePagesIndividualAllocation        = false                                  {pd product} {ergonomic}
     bool UseParallelGC                            = true                                      {product} {command line}

Logging:
Log output configuration:
 #0: stdout all=warning uptime,level,tags
 #1: stderr all=off uptime,level,tags

Environment Variables:
JAVA_HOME=C:\Program Files\Java\jdk-11.0.12
PATH=C:\Program Files\Common Files\Oracle\Java\javapath;C:\Windows\system32;C:\Windows;C:\Windows\System32\Wbem;C:\Windows\System32\WindowsPowerShell\v1.0\;C:\Windows\System32\OpenSSH\;C:\Program Files\Docker\Docker\resources\bin;C:\ProgramData\DockerDesktop\version-bin;C:\Program Files\Git\bin;C:\Program Files\apache-maven\bin;C:\Program Files\nodejs\;C:\Users\jsury\AppData\Local\Programs\Python\Python38\Scripts\;C:\Users\jsury\AppData\Local\Programs\Python\Python38\;C:\Users\jsury\AppData\Local\Microsoft\WindowsApps;;C:\Program Files\Microsoft VS Code\bin;C:\Users\jsury\AppData\Roaming\npm
USERNAME=jsury
OS=Windows_NT
PROCESSOR_IDENTIFIER=Intel64 Family 6 Model 142 Stepping 10, GenuineIntel



---------------  S Y S T E M  ---------------

OS:
 Windows 10 , 64 bit Build 22000 (10.0.22000.318)
OS uptime: 1 days 17:28 hours
Hyper-V role detected

CPU: total 8 (initial active 8) (4 cores per cpu, 2 threads per core) family 6 model 142 stepping 10 microcode 0xea, cx8, cmov, fxsr, ht, mmx, 3dnowpref, sse, sse2, sse3, ssse3, sse4.1, sse4.2, popcnt, lzcnt, tsc, tscinvbit, avx, avx2, aes, erms, clmul, bmi1, bmi2, adx, fma, vzeroupper, clflush, clflushopt, hv

Memory: 4k page, system-wide physical 11920M (6040M free)
TotalPageFile size 42442M (AvailPageFile size 0M)
current process WorkingSet (physical memory assigned to process): 39M, peak: 317M
current process commit charge ("private bytes"): 326M, peak: 361M

vm_info: OpenJDK 64-Bit Server VM (17.0.1+12) for windows-amd64 JRE (17.0.1+12), built on Oct 20 2021 07:42:55 by "" with MS VC++ 16.7 (VS2019)

END.
